<?xml version="1.0" encoding="UTF-8"?>
<!DOCTYPE html
  PUBLIC "-//W3C//DTD XHTML 1.0 Strict//EN"
  "http://www.w3.org/TR/xhtml1/DTD/xhtml1-strict.dtd">
<html>
      <head>
        <title>ScalaTest Suite scripts.defTestFirefox Results</title>
        <meta http-equiv="Content-Type" content="text/html; charset=utf-8"/>
        <meta http-equiv="Expires" content="-1"/>
        <meta http-equiv="Pragma" content="no-cache"/>
        <link href="css/styles.css" rel="stylesheet"/>
        
        <script type="text/javascript">
          function toggleDetails(contentId, linkId) {
  var ele = document.getElementById(contentId);
  var text = document.getElementById(linkId);
  if(ele.style.display == "block") {
    ele.style.display = "none";
    text.innerHTML = "(Show Details)";
  }
  else {
    ele.style.display = "block";
    text.innerHTML = "(Hide Details)";
  }
}
function hideOpenInNewTabIfRequired() {
  if (top === self) { document.getElementById('printlink').style.display = 'none'; }
}

        </script>
      </head>
      <body class="specification">
        <div id="suite_header_name">defTestFirefox</div>
        <div id="suite_header_statistic_failed">
          Tests: total 3, succeeded 0, failed 3, canceled 0, ignored 0, pending 0
        </div>
        <div id="0183ca77-e7ce-46ca-9c0c-80325687b2c3" class="test_failed" style="margin-left: 0px;">
      <dl>
        <dt>title should be correct *** FAILED ***</dt>
      </dl>
      <div class="detailstoggle">
      <a id="600a4426-59be-47d0-9055-da1baff40c3c" href="javascript:toggleDetails('e47c757d-1cae-4cba-b7b4-4e2a26dbec2d', '600a4426-59be-47d0-9055-da1baff40c3c');">(Show Details)</a>
      </div>
      <div id="e47c757d-1cae-4cba-b7b4-4e2a26dbec2d" style="display: none">
        <table>
          <tr valign="top">
              <td align="left"><span class="label">Message:</span></td>
              <td align="left"><span>WebElement 'go_next' not found.</span></td>
            </tr>
          <tr valign="top"><td align="left"><span class="label">Line:</span></td><td align="left"><span>(defTest.scala:16)</span></td></tr>
          <tr valign="top"><td align="right"><span class="label">Exception:</span></td><td align="left">org.scalatest.exceptions.TestFailedException</td></tr>
        </table>
        <table>
          <tr valign="top"><td align="left" colspan="2">
            <div class="gray">org.scalatest.selenium.WebBrowser$Query$class.webElement(WebBrowser.scala:2862)</div><div class="gray">org.scalatest.selenium.WebBrowser$ClassNameQuery.webElement(WebBrowser.scala:2934)</div><div class="gray">org.scalatest.selenium.WebBrowser$click$.on(WebBrowser.scala:3779)</div><div class="gray">scripts.defTestFirefox$$anonfun$1.apply$mcV$sp(defTest.scala:25)</div>
            <div>scripts.defTestFirefox$$anonfun$1.apply(defTest.scala:16)</div><div>scripts.defTestFirefox$$anonfun$1.apply(defTest.scala:16)</div><div>org.scalatest.FreeSpecRegistration$class.transformToOutcomeParam$1(FreeSpecRegistration.scala:143)</div><div>org.scalatest.FreeSpecRegistration$$anonfun$org$scalatest$FreeSpecRegistration$$registerTestToRun$2.apply(FreeSpecRegistration.scala:144)</div><div>org.scalatest.TestRegistration$$anonfun$transformToOutcome$1$$anonfun$apply$1.apply$mcV$sp(TestRegistration.scala:39)</div><div>org.scalatest.OutcomeOf$class.outcomeOf(OutcomeOf.scala:85)</div><div>org.scalatest.OutcomeOf$.outcomeOf(OutcomeOf.scala:104)</div><div>org.scalatest.TestRegistration$$anonfun$transformToOutcome$1.apply(TestRegistration.scala:39)</div><div>org.scalatest.TestRegistration$$anonfun$transformToOutcome$1.apply(TestRegistration.scala:37)</div><div>org.scalatest.FreeSpecRegistration$$anon$1.apply(FreeSpecRegistration.scala:430)</div><div>org.scalatest.Suite$class.withFixture(Suite.scala:1023)</div><div>org.scalatest.FreeSpec.withFixture(FreeSpec.scala:1740)</div><div>org.scalatest.FreeSpecRegistration$class.invokeWithFixture$1(FreeSpecRegistration.scala:427)</div><div>org.scalatest.FreeSpecRegistration$$anonfun$runTest$1.apply(FreeSpecRegistration.scala:440)</div><div>org.scalatest.FreeSpecRegistration$$anonfun$runTest$1.apply(FreeSpecRegistration.scala:440)</div><div>org.scalatest.SuperEngine.runTestImpl(Engine.scala:289)</div><div>org.scalatest.FreeSpecRegistration$class.runTest(FreeSpecRegistration.scala:440)</div><div>org.scalatest.FreeSpec.runTest(FreeSpec.scala:1740)</div><div>org.scalatest.FreeSpecRegistration$$anonfun$runTests$1.apply(FreeSpecRegistration.scala:499)</div><div>org.scalatest.FreeSpecRegistration$$anonfun$runTests$1.apply(FreeSpecRegistration.scala:499)</div><div>org.scalatest.SuperEngine$$anonfun$traverseSubNodes$1$1.apply(Engine.scala:432)</div><div>org.scalatest.SuperEngine$$anonfun$traverseSubNodes$1$1.apply(Engine.scala:420)</div><div>scala.collection.immutable.List.foreach(List.scala:381)</div><div>org.scalatest.SuperEngine.traverseSubNodes$1(Engine.scala:420)</div><div>org.scalatest.SuperEngine.org$scalatest$SuperEngine$$runTestsInBranch(Engine.scala:415)</div><div>org.scalatest.SuperEngine.runTestsImpl(Engine.scala:497)</div><div>org.scalatest.FreeSpecRegistration$class.runTests(FreeSpecRegistration.scala:499)</div><div>org.scalatest.FreeSpec.runTests(FreeSpec.scala:1740)</div><div>org.scalatest.Suite$class.run(Suite.scala:1312)</div><div>org.scalatest.FreeSpec.org$scalatest$FreeSpecRegistration$$super$run(FreeSpec.scala:1740)</div><div>org.scalatest.FreeSpecRegistration$$anonfun$run$1.apply(FreeSpecRegistration.scala:544)</div><div>org.scalatest.FreeSpecRegistration$$anonfun$run$1.apply(FreeSpecRegistration.scala:544)</div><div>org.scalatest.SuperEngine.runImpl(Engine.scala:556)</div><div>org.scalatest.FreeSpecRegistration$class.run(FreeSpecRegistration.scala:544)</div><div>org.scalatest.FreeSpec.run(FreeSpec.scala:1740)</div><div>org.scalatest.tools.Framework.org$scalatest$tools$Framework$$runSuite(Framework.scala:459)</div><div>org.scalatest.tools.Framework$ScalaTestTask.execute(Framework.scala:677)</div><div>sbt.TestRunner.runTest$1(TestFramework.scala:76)</div><div>sbt.TestRunner.run(TestFramework.scala:85)</div><div>sbt.TestFramework$$anon$2$$anonfun$$init$$1$$anonfun$apply$8.apply(TestFramework.scala:202)</div><div>sbt.TestFramework$$anon$2$$anonfun$$init$$1$$anonfun$apply$8.apply(TestFramework.scala:202)</div><div>sbt.TestFramework$.sbt$TestFramework$$withContextLoader(TestFramework.scala:185)</div><div>sbt.TestFramework$$anon$2$$anonfun$$init$$1.apply(TestFramework.scala:202)</div><div>sbt.TestFramework$$anon$2$$anonfun$$init$$1.apply(TestFramework.scala:202)</div><div>sbt.TestFunction.apply(TestFramework.scala:207)</div><div>sbt.Tests$$anonfun$9.apply(Tests.scala:216)</div><div>sbt.Tests$$anonfun$9.apply(Tests.scala:216)</div><div>sbt.std.Transform$$anon$3$$anonfun$apply$2.apply(System.scala:44)</div><div>sbt.std.Transform$$anon$3$$anonfun$apply$2.apply(System.scala:44)</div><div>sbt.std.Transform$$anon$4.work(System.scala:63)</div><div>sbt.Execute$$anonfun$submit$1$$anonfun$apply$1.apply(Execute.scala:226)</div><div>sbt.Execute$$anonfun$submit$1$$anonfun$apply$1.apply(Execute.scala:226)</div><div>sbt.ErrorHandling$.wideConvert(ErrorHandling.scala:17)</div><div>sbt.Execute.work(Execute.scala:235)</div><div>sbt.Execute$$anonfun$submit$1.apply(Execute.scala:226)</div><div>sbt.Execute$$anonfun$submit$1.apply(Execute.scala:226)</div><div>sbt.ConcurrentRestrictions$$anon$4$$anonfun$1.apply(ConcurrentRestrictions.scala:159)</div><div>sbt.CompletionService$$anon$2.call(CompletionService.scala:28)</div><div>java.util.concurrent.FutureTask.run(FutureTask.java:266)</div><div>java.util.concurrent.Executors$RunnableAdapter.call(Executors.java:511)</div><div>java.util.concurrent.FutureTask.run(FutureTask.java:266)</div><div>java.util.concurrent.ThreadPoolExecutor.runWorker(ThreadPoolExecutor.java:1142)</div><div>java.util.concurrent.ThreadPoolExecutor$Worker.run(ThreadPoolExecutor.java:617)</div><div>java.lang.Thread.run(Thread.java:745)</div>
            </td>
          </tr>
        </table>
        <table>
          <tr valign="top">
            <td align="right"><span class="label">Cause:</span></td>
            <td align="left">org.openqa.selenium.NoSuchElementException</td>
          </tr>
          <tr valign="top">
            <td align="right"><span class="label">Message:</span></td>
            <td align="left">
              <span>Unable&nbsp;to&nbsp;locate&nbsp;element:&nbsp;{"method":"class&nbsp;name","selector":"go_next"} <br /></span><span>Command&nbsp;duration&nbsp;or&nbsp;timeout:&nbsp;11&nbsp;milliseconds <br /></span><span>For&nbsp;documentation&nbsp;on&nbsp;this&nbsp;error,&nbsp;please&nbsp;visit:&nbsp;http://seleniumhq.org/exceptions/no_such_element.html <br /></span><span>Build&nbsp;info:&nbsp;version:&nbsp;'2.46.0',&nbsp;revision:&nbsp;'61506a4624b13675f24581e453592342b7485d71',&nbsp;time:&nbsp;'2015-06-04&nbsp;10:22:50' <br /></span><span>System&nbsp;info:&nbsp;host:&nbsp;'Intimatik.local',&nbsp;ip:&nbsp;'192.168.1.2',&nbsp;os.name:&nbsp;'Mac&nbsp;OS&nbsp;X',&nbsp;os.arch:&nbsp;'x86_64',&nbsp;os.version:&nbsp;'10.10.2',&nbsp;java.version:&nbsp;'1.8.0_31' <br /></span><span>Driver&nbsp;info:&nbsp;org.openqa.selenium.firefox.FirefoxDriver <br /></span><span>Capabilities&nbsp;[{applicationCacheEnabled=true,&nbsp;rotatable=false,&nbsp;handlesAlerts=true,&nbsp;databaseEnabled=true,&nbsp;version=30.0,&nbsp;platform=MAC,&nbsp;browserConnectionEnabled=true,&nbsp;nativeEvents=false,&nbsp;acceptSslCerts=true,&nbsp;webStorageEnabled=true,&nbsp;locationContextEnabled=true,&nbsp;browserName=firefox,&nbsp;takesScreenshot=true,&nbsp;javascriptEnabled=true,&nbsp;cssSelectorsEnabled=true}] <br /></span><span>Session&nbsp;ID:&nbsp;12911ce1-8f75-6945-9930-426393116e41 <br /></span><span>***&nbsp;Element&nbsp;info:&nbsp;{Using=class&nbsp;name,&nbsp;value=go_next} <br /></span>
            </td>
          </tr>
        </table><table>
          <tr valign="top">
            <td align="left" colspan="2"><div>sun.reflect.NativeConstructorAccessorImpl.newInstance0(Native Method)</div><div>sun.reflect.NativeConstructorAccessorImpl.newInstance(NativeConstructorAccessorImpl.java:62)</div><div>sun.reflect.DelegatingConstructorAccessorImpl.newInstance(DelegatingConstructorAccessorImpl.java:45)</div><div>java.lang.reflect.Constructor.newInstance(Constructor.java:408)</div><div>org.openqa.selenium.remote.ErrorHandler.createThrowable(ErrorHandler.java:204)</div><div>org.openqa.selenium.remote.ErrorHandler.throwIfResponseFailed(ErrorHandler.java:156)</div><div>org.openqa.selenium.remote.RemoteWebDriver.execute(RemoteWebDriver.java:605)</div><div>org.openqa.selenium.remote.RemoteWebDriver.findElement(RemoteWebDriver.java:358)</div><div>org.openqa.selenium.remote.RemoteWebDriver.findElementByClassName(RemoteWebDriver.java:439)</div><div>org.openqa.selenium.By$ByClassName.findElement(By.java:388)</div><div>org.openqa.selenium.remote.RemoteWebDriver.findElement(RemoteWebDriver.java:350)</div><div>org.scalatest.selenium.WebBrowser$Query$class.webElement(WebBrowser.scala:2858)</div><div>org.scalatest.selenium.WebBrowser$ClassNameQuery.webElement(WebBrowser.scala:2934)</div><div>org.scalatest.selenium.WebBrowser$click$.on(WebBrowser.scala:3779)</div><div>scripts.defTestFirefox$$anonfun$1.apply$mcV$sp(defTest.scala:25)</div><div>scripts.defTestFirefox$$anonfun$1.apply(defTest.scala:16)</div><div>scripts.defTestFirefox$$anonfun$1.apply(defTest.scala:16)</div><div>org.scalatest.FreeSpecRegistration$class.transformToOutcomeParam$1(FreeSpecRegistration.scala:143)</div><div>org.scalatest.FreeSpecRegistration$$anonfun$org$scalatest$FreeSpecRegistration$$registerTestToRun$2.apply(FreeSpecRegistration.scala:144)</div><div>org.scalatest.TestRegistration$$anonfun$transformToOutcome$1$$anonfun$apply$1.apply$mcV$sp(TestRegistration.scala:39)</div><div>org.scalatest.OutcomeOf$class.outcomeOf(OutcomeOf.scala:85)</div><div>org.scalatest.OutcomeOf$.outcomeOf(OutcomeOf.scala:104)</div><div>org.scalatest.TestRegistration$$anonfun$transformToOutcome$1.apply(TestRegistration.scala:39)</div><div>org.scalatest.TestRegistration$$anonfun$transformToOutcome$1.apply(TestRegistration.scala:37)</div><div>org.scalatest.FreeSpecRegistration$$anon$1.apply(FreeSpecRegistration.scala:430)</div><div>org.scalatest.Suite$class.withFixture(Suite.scala:1023)</div><div>org.scalatest.FreeSpec.withFixture(FreeSpec.scala:1740)</div><div>org.scalatest.FreeSpecRegistration$class.invokeWithFixture$1(FreeSpecRegistration.scala:427)</div><div>org.scalatest.FreeSpecRegistration$$anonfun$runTest$1.apply(FreeSpecRegistration.scala:440)</div><div>org.scalatest.FreeSpecRegistration$$anonfun$runTest$1.apply(FreeSpecRegistration.scala:440)</div><div>org.scalatest.SuperEngine.runTestImpl(Engine.scala:289)</div><div>org.scalatest.FreeSpecRegistration$class.runTest(FreeSpecRegistration.scala:440)</div><div>org.scalatest.FreeSpec.runTest(FreeSpec.scala:1740)</div><div>org.scalatest.FreeSpecRegistration$$anonfun$runTests$1.apply(FreeSpecRegistration.scala:499)</div><div>org.scalatest.FreeSpecRegistration$$anonfun$runTests$1.apply(FreeSpecRegistration.scala:499)</div><div>org.scalatest.SuperEngine$$anonfun$traverseSubNodes$1$1.apply(Engine.scala:432)</div><div>org.scalatest.SuperEngine$$anonfun$traverseSubNodes$1$1.apply(Engine.scala:420)</div><div>scala.collection.immutable.List.foreach(List.scala:381)</div><div>org.scalatest.SuperEngine.traverseSubNodes$1(Engine.scala:420)</div><div>org.scalatest.SuperEngine.org$scalatest$SuperEngine$$runTestsInBranch(Engine.scala:415)</div><div>org.scalatest.SuperEngine.runTestsImpl(Engine.scala:497)</div><div>org.scalatest.FreeSpecRegistration$class.runTests(FreeSpecRegistration.scala:499)</div><div>org.scalatest.FreeSpec.runTests(FreeSpec.scala:1740)</div><div>org.scalatest.Suite$class.run(Suite.scala:1312)</div><div>org.scalatest.FreeSpec.org$scalatest$FreeSpecRegistration$$super$run(FreeSpec.scala:1740)</div><div>org.scalatest.FreeSpecRegistration$$anonfun$run$1.apply(FreeSpecRegistration.scala:544)</div><div>org.scalatest.FreeSpecRegistration$$anonfun$run$1.apply(FreeSpecRegistration.scala:544)</div><div>org.scalatest.SuperEngine.runImpl(Engine.scala:556)</div><div>org.scalatest.FreeSpecRegistration$class.run(FreeSpecRegistration.scala:544)</div><div>org.scalatest.FreeSpec.run(FreeSpec.scala:1740)</div><div>org.scalatest.tools.Framework.org$scalatest$tools$Framework$$runSuite(Framework.scala:459)</div><div>org.scalatest.tools.Framework$ScalaTestTask.execute(Framework.scala:677)</div><div>sbt.TestRunner.runTest$1(TestFramework.scala:76)</div><div>sbt.TestRunner.run(TestFramework.scala:85)</div><div>sbt.TestFramework$$anon$2$$anonfun$$init$$1$$anonfun$apply$8.apply(TestFramework.scala:202)</div><div>sbt.TestFramework$$anon$2$$anonfun$$init$$1$$anonfun$apply$8.apply(TestFramework.scala:202)</div><div>sbt.TestFramework$.sbt$TestFramework$$withContextLoader(TestFramework.scala:185)</div><div>sbt.TestFramework$$anon$2$$anonfun$$init$$1.apply(TestFramework.scala:202)</div><div>sbt.TestFramework$$anon$2$$anonfun$$init$$1.apply(TestFramework.scala:202)</div><div>sbt.TestFunction.apply(TestFramework.scala:207)</div><div>sbt.Tests$$anonfun$9.apply(Tests.scala:216)</div><div>sbt.Tests$$anonfun$9.apply(Tests.scala:216)</div><div>sbt.std.Transform$$anon$3$$anonfun$apply$2.apply(System.scala:44)</div><div>sbt.std.Transform$$anon$3$$anonfun$apply$2.apply(System.scala:44)</div><div>sbt.std.Transform$$anon$4.work(System.scala:63)</div><div>sbt.Execute$$anonfun$submit$1$$anonfun$apply$1.apply(Execute.scala:226)</div><div>sbt.Execute$$anonfun$submit$1$$anonfun$apply$1.apply(Execute.scala:226)</div><div>sbt.ErrorHandling$.wideConvert(ErrorHandling.scala:17)</div><div>sbt.Execute.work(Execute.scala:235)</div><div>sbt.Execute$$anonfun$submit$1.apply(Execute.scala:226)</div><div>sbt.Execute$$anonfun$submit$1.apply(Execute.scala:226)</div><div>sbt.ConcurrentRestrictions$$anon$4$$anonfun$1.apply(ConcurrentRestrictions.scala:159)</div><div>sbt.CompletionService$$anon$2.call(CompletionService.scala:28)</div><div>java.util.concurrent.FutureTask.run(FutureTask.java:266)</div><div>java.util.concurrent.Executors$RunnableAdapter.call(Executors.java:511)</div><div>java.util.concurrent.FutureTask.run(FutureTask.java:266)</div><div>java.util.concurrent.ThreadPoolExecutor.runWorker(ThreadPoolExecutor.java:1142)</div><div>java.util.concurrent.ThreadPoolExecutor$Worker.run(ThreadPoolExecutor.java:617)</div><div>java.lang.Thread.run(Thread.java:745)</div></td>
          </tr>
        </table><table>
          <tr valign="top">
            <td align="right"><span class="label">Cause:</span></td>
            <td align="left">org.openqa.selenium.NoSuchElementException</td>
          </tr>
          <tr valign="top">
            <td align="right"><span class="label">Message:</span></td>
            <td align="left">
              <span>Unable&nbsp;to&nbsp;locate&nbsp;element:&nbsp;{"method":"class&nbsp;name","selector":"go_next"} <br /></span><span>For&nbsp;documentation&nbsp;on&nbsp;this&nbsp;error,&nbsp;please&nbsp;visit:&nbsp;http://seleniumhq.org/exceptions/no_such_element.html <br /></span><span>Build&nbsp;info:&nbsp;version:&nbsp;'2.46.0',&nbsp;revision:&nbsp;'61506a4624b13675f24581e453592342b7485d71',&nbsp;time:&nbsp;'2015-06-04&nbsp;10:22:50' <br /></span><span>System&nbsp;info:&nbsp;host:&nbsp;'Intimatik.local',&nbsp;ip:&nbsp;'192.168.1.2',&nbsp;os.name:&nbsp;'Mac&nbsp;OS&nbsp;X',&nbsp;os.arch:&nbsp;'x86_64',&nbsp;os.version:&nbsp;'10.10.2',&nbsp;java.version:&nbsp;'1.8.0_31' <br /></span><span>Driver&nbsp;info:&nbsp;driver.version:&nbsp;unknown <br /></span>
            </td>
          </tr>
        </table><table>
          <tr valign="top">
            <td align="left" colspan="2"><div>&lt;anonymous class&gt;.FirefoxDriver.prototype.findElementInternal_(file:///var/folders/bf/26cl5x9s07n9w9z5_q3mngh40000gq/T/anonymous3371385919988951149webdriver-profile/extensions/fxdriver@googlecode.com/components/driver-component.js:10299)</div><div>&lt;anonymous class&gt;.FirefoxDriver.prototype.findElement(file:///var/folders/bf/26cl5x9s07n9w9z5_q3mngh40000gq/T/anonymous3371385919988951149webdriver-profile/extensions/fxdriver@googlecode.com/components/driver-component.js:10308)</div><div>&lt;anonymous class&gt;.DelayedCommand.prototype.executeInternal_/h(file:///var/folders/bf/26cl5x9s07n9w9z5_q3mngh40000gq/T/anonymous3371385919988951149webdriver-profile/extensions/fxdriver@googlecode.com/components/command-processor.js:12282)</div><div>&lt;anonymous class&gt;.DelayedCommand.prototype.executeInternal_(file:///var/folders/bf/26cl5x9s07n9w9z5_q3mngh40000gq/T/anonymous3371385919988951149webdriver-profile/extensions/fxdriver@googlecode.com/components/command-processor.js:12287)</div><div>&lt;anonymous class&gt;.DelayedCommand.prototype.execute/&lt;(file:///var/folders/bf/26cl5x9s07n9w9z5_q3mngh40000gq/T/anonymous3371385919988951149webdriver-profile/extensions/fxdriver@googlecode.com/components/command-processor.js:12229)</div></td>
          </tr>
        </table>
      </div>
    </div><div id="eb9d579c-37e1-460a-bd0e-3f1e58377e99" class="test_failed" style="margin-left: 0px;">
      <dl>
        <dt>title should be correct2 *** FAILED ***</dt>
      </dl>
      <div class="detailstoggle">
      <a id="9e47ccf5-8fdd-42ed-8dbc-cf36912fa251" href="javascript:toggleDetails('1bcd12ee-4166-4253-ad59-75671377c003', '9e47ccf5-8fdd-42ed-8dbc-cf36912fa251');">(Show Details)</a>
      </div>
      <div id="1bcd12ee-4166-4253-ad59-75671377c003" style="display: none">
        <table>
          <tr valign="top">
              <td align="left"><span class="label">Message:</span></td>
              <td align="left"><span>Error&nbsp;communicating&nbsp;with&nbsp;the&nbsp;remote&nbsp;browser.&nbsp;It&nbsp;may&nbsp;have&nbsp;died. <br /></span><span>Build&nbsp;info:&nbsp;version:&nbsp;'2.46.0',&nbsp;revision:&nbsp;'61506a4624b13675f24581e453592342b7485d71',&nbsp;time:&nbsp;'2015-06-04&nbsp;10:22:50' <br /></span><span>System&nbsp;info:&nbsp;host:&nbsp;'Intimatik.local',&nbsp;ip:&nbsp;'192.168.1.2',&nbsp;os.name:&nbsp;'Mac&nbsp;OS&nbsp;X',&nbsp;os.arch:&nbsp;'x86_64',&nbsp;os.version:&nbsp;'10.10.2',&nbsp;java.version:&nbsp;'1.8.0_31' <br /></span><span>Driver&nbsp;info:&nbsp;driver.version:&nbsp;RemoteWebDriver <br /></span></td>
            </tr>
          
          <tr valign="top"><td align="right"><span class="label">Exception:</span></td><td align="left">org.openqa.selenium.remote.UnreachableBrowserException</td></tr>
        </table>
        <table>
          <tr valign="top"><td align="left" colspan="2">
            
            <div>org.openqa.selenium.remote.RemoteWebDriver.execute(RemoteWebDriver.java:599)</div><div>org.openqa.selenium.remote.RemoteWebDriver.get(RemoteWebDriver.java:306)</div><div>org.scalatest.selenium.WebBrowser$go$.to(WebBrowser.scala:2646)</div><div>scripts.defTestFirefox$$anonfun$2.apply$mcV$sp(defTest.scala:31)</div><div>scripts.defTestFirefox$$anonfun$2.apply(defTest.scala:30)</div><div>scripts.defTestFirefox$$anonfun$2.apply(defTest.scala:30)</div><div>org.scalatest.FreeSpecRegistration$class.transformToOutcomeParam$1(FreeSpecRegistration.scala:143)</div><div>org.scalatest.FreeSpecRegistration$$anonfun$org$scalatest$FreeSpecRegistration$$registerTestToRun$2.apply(FreeSpecRegistration.scala:144)</div><div>org.scalatest.TestRegistration$$anonfun$transformToOutcome$1$$anonfun$apply$1.apply$mcV$sp(TestRegistration.scala:39)</div><div>org.scalatest.OutcomeOf$class.outcomeOf(OutcomeOf.scala:85)</div><div>org.scalatest.OutcomeOf$.outcomeOf(OutcomeOf.scala:104)</div><div>org.scalatest.TestRegistration$$anonfun$transformToOutcome$1.apply(TestRegistration.scala:39)</div><div>org.scalatest.TestRegistration$$anonfun$transformToOutcome$1.apply(TestRegistration.scala:37)</div><div>org.scalatest.FreeSpecRegistration$$anon$1.apply(FreeSpecRegistration.scala:430)</div><div>org.scalatest.Suite$class.withFixture(Suite.scala:1023)</div><div>org.scalatest.FreeSpec.withFixture(FreeSpec.scala:1740)</div><div>org.scalatest.FreeSpecRegistration$class.invokeWithFixture$1(FreeSpecRegistration.scala:427)</div><div>org.scalatest.FreeSpecRegistration$$anonfun$runTest$1.apply(FreeSpecRegistration.scala:440)</div><div>org.scalatest.FreeSpecRegistration$$anonfun$runTest$1.apply(FreeSpecRegistration.scala:440)</div><div>org.scalatest.SuperEngine.runTestImpl(Engine.scala:289)</div><div>org.scalatest.FreeSpecRegistration$class.runTest(FreeSpecRegistration.scala:440)</div><div>org.scalatest.FreeSpec.runTest(FreeSpec.scala:1740)</div><div>org.scalatest.FreeSpecRegistration$$anonfun$runTests$1.apply(FreeSpecRegistration.scala:499)</div><div>org.scalatest.FreeSpecRegistration$$anonfun$runTests$1.apply(FreeSpecRegistration.scala:499)</div><div>org.scalatest.SuperEngine$$anonfun$traverseSubNodes$1$1.apply(Engine.scala:432)</div><div>org.scalatest.SuperEngine$$anonfun$traverseSubNodes$1$1.apply(Engine.scala:420)</div><div>scala.collection.immutable.List.foreach(List.scala:381)</div><div>org.scalatest.SuperEngine.traverseSubNodes$1(Engine.scala:420)</div><div>org.scalatest.SuperEngine.org$scalatest$SuperEngine$$runTestsInBranch(Engine.scala:415)</div><div>org.scalatest.SuperEngine.runTestsImpl(Engine.scala:497)</div><div>org.scalatest.FreeSpecRegistration$class.runTests(FreeSpecRegistration.scala:499)</div><div>org.scalatest.FreeSpec.runTests(FreeSpec.scala:1740)</div><div>org.scalatest.Suite$class.run(Suite.scala:1312)</div><div>org.scalatest.FreeSpec.org$scalatest$FreeSpecRegistration$$super$run(FreeSpec.scala:1740)</div><div>org.scalatest.FreeSpecRegistration$$anonfun$run$1.apply(FreeSpecRegistration.scala:544)</div><div>org.scalatest.FreeSpecRegistration$$anonfun$run$1.apply(FreeSpecRegistration.scala:544)</div><div>org.scalatest.SuperEngine.runImpl(Engine.scala:556)</div><div>org.scalatest.FreeSpecRegistration$class.run(FreeSpecRegistration.scala:544)</div><div>org.scalatest.FreeSpec.run(FreeSpec.scala:1740)</div><div>org.scalatest.tools.Framework.org$scalatest$tools$Framework$$runSuite(Framework.scala:459)</div><div>org.scalatest.tools.Framework$ScalaTestTask.execute(Framework.scala:677)</div><div>sbt.TestRunner.runTest$1(TestFramework.scala:76)</div><div>sbt.TestRunner.run(TestFramework.scala:85)</div><div>sbt.TestFramework$$anon$2$$anonfun$$init$$1$$anonfun$apply$8.apply(TestFramework.scala:202)</div><div>sbt.TestFramework$$anon$2$$anonfun$$init$$1$$anonfun$apply$8.apply(TestFramework.scala:202)</div><div>sbt.TestFramework$.sbt$TestFramework$$withContextLoader(TestFramework.scala:185)</div><div>sbt.TestFramework$$anon$2$$anonfun$$init$$1.apply(TestFramework.scala:202)</div><div>sbt.TestFramework$$anon$2$$anonfun$$init$$1.apply(TestFramework.scala:202)</div><div>sbt.TestFunction.apply(TestFramework.scala:207)</div><div>sbt.Tests$$anonfun$9.apply(Tests.scala:216)</div><div>sbt.Tests$$anonfun$9.apply(Tests.scala:216)</div><div>sbt.std.Transform$$anon$3$$anonfun$apply$2.apply(System.scala:44)</div><div>sbt.std.Transform$$anon$3$$anonfun$apply$2.apply(System.scala:44)</div><div>sbt.std.Transform$$anon$4.work(System.scala:63)</div><div>sbt.Execute$$anonfun$submit$1$$anonfun$apply$1.apply(Execute.scala:226)</div><div>sbt.Execute$$anonfun$submit$1$$anonfun$apply$1.apply(Execute.scala:226)</div><div>sbt.ErrorHandling$.wideConvert(ErrorHandling.scala:17)</div><div>sbt.Execute.work(Execute.scala:235)</div><div>sbt.Execute$$anonfun$submit$1.apply(Execute.scala:226)</div><div>sbt.Execute$$anonfun$submit$1.apply(Execute.scala:226)</div><div>sbt.ConcurrentRestrictions$$anon$4$$anonfun$1.apply(ConcurrentRestrictions.scala:159)</div><div>sbt.CompletionService$$anon$2.call(CompletionService.scala:28)</div><div>java.util.concurrent.FutureTask.run(FutureTask.java:266)</div><div>java.util.concurrent.Executors$RunnableAdapter.call(Executors.java:511)</div><div>java.util.concurrent.FutureTask.run(FutureTask.java:266)</div><div>java.util.concurrent.ThreadPoolExecutor.runWorker(ThreadPoolExecutor.java:1142)</div><div>java.util.concurrent.ThreadPoolExecutor$Worker.run(ThreadPoolExecutor.java:617)</div><div>java.lang.Thread.run(Thread.java:745)</div>
            </td>
          </tr>
        </table>
        <table>
          <tr valign="top">
            <td align="right"><span class="label">Cause:</span></td>
            <td align="left">org.apache.http.conn.HttpHostConnectException</td>
          </tr>
          <tr valign="top">
            <td align="right"><span class="label">Message:</span></td>
            <td align="left">
              <span>Error communicating with the remote browser. It may have died.
Build info: version: '2.46.0', revision: '61506a4624b13675f24581e453592342b7485d71', time: '2015-06-04 10:22:50'
System info: host: 'Intimatik.local', ip: '192.168.1.2', os.name: 'Mac OS X', os.arch: 'x86_64', os.version: '10.10.2', java.version: '1.8.0_31'
Driver info: driver.version: RemoteWebDriver</span>
            </td>
          </tr>
        </table><table>
          <tr valign="top">
            <td align="left" colspan="2"><div>org.apache.http.impl.conn.DefaultHttpClientConnectionOperator.connect(DefaultHttpClientConnectionOperator.java:151)</div><div>org.apache.http.impl.conn.PoolingHttpClientConnectionManager.connect(PoolingHttpClientConnectionManager.java:353)</div><div>org.apache.http.impl.execchain.MainClientExec.establishRoute(MainClientExec.java:380)</div><div>org.apache.http.impl.execchain.MainClientExec.execute(MainClientExec.java:236)</div><div>org.apache.http.impl.execchain.ProtocolExec.execute(ProtocolExec.java:184)</div><div>org.apache.http.impl.execchain.RetryExec.execute(RetryExec.java:88)</div><div>org.apache.http.impl.execchain.RedirectExec.execute(RedirectExec.java:110)</div><div>org.apache.http.impl.client.InternalHttpClient.doExecute(InternalHttpClient.java:184)</div><div>org.apache.http.impl.client.CloseableHttpClient.execute(CloseableHttpClient.java:71)</div><div>org.apache.http.impl.client.CloseableHttpClient.execute(CloseableHttpClient.java:55)</div><div>org.openqa.selenium.remote.internal.ApacheHttpClient.fallBackExecute(ApacheHttpClient.java:161)</div><div>org.openqa.selenium.remote.internal.ApacheHttpClient.execute(ApacheHttpClient.java:89)</div><div>org.openqa.selenium.remote.HttpCommandExecutor.execute(HttpCommandExecutor.java:134)</div><div>org.openqa.selenium.firefox.internal.NewProfileExtensionConnection.execute(NewProfileExtensionConnection.java:168)</div><div>org.openqa.selenium.firefox.FirefoxDriver$LazyCommandExecutor.execute(FirefoxDriver.java:392)</div><div>org.openqa.selenium.remote.RemoteWebDriver.execute(RemoteWebDriver.java:578)</div><div>org.openqa.selenium.remote.RemoteWebDriver.get(RemoteWebDriver.java:306)</div><div>org.scalatest.selenium.WebBrowser$go$.to(WebBrowser.scala:2646)</div><div>scripts.defTestFirefox$$anonfun$2.apply$mcV$sp(defTest.scala:31)</div><div>scripts.defTestFirefox$$anonfun$2.apply(defTest.scala:30)</div><div>scripts.defTestFirefox$$anonfun$2.apply(defTest.scala:30)</div><div>org.scalatest.FreeSpecRegistration$class.transformToOutcomeParam$1(FreeSpecRegistration.scala:143)</div><div>org.scalatest.FreeSpecRegistration$$anonfun$org$scalatest$FreeSpecRegistration$$registerTestToRun$2.apply(FreeSpecRegistration.scala:144)</div><div>org.scalatest.TestRegistration$$anonfun$transformToOutcome$1$$anonfun$apply$1.apply$mcV$sp(TestRegistration.scala:39)</div><div>org.scalatest.OutcomeOf$class.outcomeOf(OutcomeOf.scala:85)</div><div>org.scalatest.OutcomeOf$.outcomeOf(OutcomeOf.scala:104)</div><div>org.scalatest.TestRegistration$$anonfun$transformToOutcome$1.apply(TestRegistration.scala:39)</div><div>org.scalatest.TestRegistration$$anonfun$transformToOutcome$1.apply(TestRegistration.scala:37)</div><div>org.scalatest.FreeSpecRegistration$$anon$1.apply(FreeSpecRegistration.scala:430)</div><div>org.scalatest.Suite$class.withFixture(Suite.scala:1023)</div><div>org.scalatest.FreeSpec.withFixture(FreeSpec.scala:1740)</div><div>org.scalatest.FreeSpecRegistration$class.invokeWithFixture$1(FreeSpecRegistration.scala:427)</div><div>org.scalatest.FreeSpecRegistration$$anonfun$runTest$1.apply(FreeSpecRegistration.scala:440)</div><div>org.scalatest.FreeSpecRegistration$$anonfun$runTest$1.apply(FreeSpecRegistration.scala:440)</div><div>org.scalatest.SuperEngine.runTestImpl(Engine.scala:289)</div><div>org.scalatest.FreeSpecRegistration$class.runTest(FreeSpecRegistration.scala:440)</div><div>org.scalatest.FreeSpec.runTest(FreeSpec.scala:1740)</div><div>org.scalatest.FreeSpecRegistration$$anonfun$runTests$1.apply(FreeSpecRegistration.scala:499)</div><div>org.scalatest.FreeSpecRegistration$$anonfun$runTests$1.apply(FreeSpecRegistration.scala:499)</div><div>org.scalatest.SuperEngine$$anonfun$traverseSubNodes$1$1.apply(Engine.scala:432)</div><div>org.scalatest.SuperEngine$$anonfun$traverseSubNodes$1$1.apply(Engine.scala:420)</div><div>scala.collection.immutable.List.foreach(List.scala:381)</div><div>org.scalatest.SuperEngine.traverseSubNodes$1(Engine.scala:420)</div><div>org.scalatest.SuperEngine.org$scalatest$SuperEngine$$runTestsInBranch(Engine.scala:415)</div><div>org.scalatest.SuperEngine.runTestsImpl(Engine.scala:497)</div><div>org.scalatest.FreeSpecRegistration$class.runTests(FreeSpecRegistration.scala:499)</div><div>org.scalatest.FreeSpec.runTests(FreeSpec.scala:1740)</div><div>org.scalatest.Suite$class.run(Suite.scala:1312)</div><div>org.scalatest.FreeSpec.org$scalatest$FreeSpecRegistration$$super$run(FreeSpec.scala:1740)</div><div>org.scalatest.FreeSpecRegistration$$anonfun$run$1.apply(FreeSpecRegistration.scala:544)</div><div>org.scalatest.FreeSpecRegistration$$anonfun$run$1.apply(FreeSpecRegistration.scala:544)</div><div>org.scalatest.SuperEngine.runImpl(Engine.scala:556)</div><div>org.scalatest.FreeSpecRegistration$class.run(FreeSpecRegistration.scala:544)</div><div>org.scalatest.FreeSpec.run(FreeSpec.scala:1740)</div><div>org.scalatest.tools.Framework.org$scalatest$tools$Framework$$runSuite(Framework.scala:459)</div><div>org.scalatest.tools.Framework$ScalaTestTask.execute(Framework.scala:677)</div><div>sbt.TestRunner.runTest$1(TestFramework.scala:76)</div><div>sbt.TestRunner.run(TestFramework.scala:85)</div><div>sbt.TestFramework$$anon$2$$anonfun$$init$$1$$anonfun$apply$8.apply(TestFramework.scala:202)</div><div>sbt.TestFramework$$anon$2$$anonfun$$init$$1$$anonfun$apply$8.apply(TestFramework.scala:202)</div><div>sbt.TestFramework$.sbt$TestFramework$$withContextLoader(TestFramework.scala:185)</div><div>sbt.TestFramework$$anon$2$$anonfun$$init$$1.apply(TestFramework.scala:202)</div><div>sbt.TestFramework$$anon$2$$anonfun$$init$$1.apply(TestFramework.scala:202)</div><div>sbt.TestFunction.apply(TestFramework.scala:207)</div><div>sbt.Tests$$anonfun$9.apply(Tests.scala:216)</div><div>sbt.Tests$$anonfun$9.apply(Tests.scala:216)</div><div>sbt.std.Transform$$anon$3$$anonfun$apply$2.apply(System.scala:44)</div><div>sbt.std.Transform$$anon$3$$anonfun$apply$2.apply(System.scala:44)</div><div>sbt.std.Transform$$anon$4.work(System.scala:63)</div><div>sbt.Execute$$anonfun$submit$1$$anonfun$apply$1.apply(Execute.scala:226)</div><div>sbt.Execute$$anonfun$submit$1$$anonfun$apply$1.apply(Execute.scala:226)</div><div>sbt.ErrorHandling$.wideConvert(ErrorHandling.scala:17)</div><div>sbt.Execute.work(Execute.scala:235)</div><div>sbt.Execute$$anonfun$submit$1.apply(Execute.scala:226)</div><div>sbt.Execute$$anonfun$submit$1.apply(Execute.scala:226)</div><div>sbt.ConcurrentRestrictions$$anon$4$$anonfun$1.apply(ConcurrentRestrictions.scala:159)</div><div>sbt.CompletionService$$anon$2.call(CompletionService.scala:28)</div><div>java.util.concurrent.FutureTask.run(FutureTask.java:266)</div><div>java.util.concurrent.Executors$RunnableAdapter.call(Executors.java:511)</div><div>java.util.concurrent.FutureTask.run(FutureTask.java:266)</div><div>java.util.concurrent.ThreadPoolExecutor.runWorker(ThreadPoolExecutor.java:1142)</div><div>java.util.concurrent.ThreadPoolExecutor$Worker.run(ThreadPoolExecutor.java:617)</div><div>java.lang.Thread.run(Thread.java:745)</div></td>
          </tr>
        </table><table>
          <tr valign="top">
            <td align="right"><span class="label">Cause:</span></td>
            <td align="left">java.net.ConnectException</td>
          </tr>
          <tr valign="top">
            <td align="right"><span class="label">Message:</span></td>
            <td align="left">
              <span>Error communicating with the remote browser. It may have died.
Build info: version: '2.46.0', revision: '61506a4624b13675f24581e453592342b7485d71', time: '2015-06-04 10:22:50'
System info: host: 'Intimatik.local', ip: '192.168.1.2', os.name: 'Mac OS X', os.arch: 'x86_64', os.version: '10.10.2', java.version: '1.8.0_31'
Driver info: driver.version: RemoteWebDriver</span>
            </td>
          </tr>
        </table><table>
          <tr valign="top">
            <td align="left" colspan="2"><div>java.net.PlainSocketImpl.socketConnect(Native Method)</div><div>java.net.AbstractPlainSocketImpl.doConnect(AbstractPlainSocketImpl.java:345)</div><div>java.net.AbstractPlainSocketImpl.connectToAddress(AbstractPlainSocketImpl.java:206)</div><div>java.net.AbstractPlainSocketImpl.connect(AbstractPlainSocketImpl.java:188)</div><div>java.net.SocksSocketImpl.connect(SocksSocketImpl.java:392)</div><div>java.net.Socket.connect(Socket.java:589)</div><div>org.apache.http.conn.socket.PlainConnectionSocketFactory.connectSocket(PlainConnectionSocketFactory.java:74)</div><div>org.apache.http.impl.conn.DefaultHttpClientConnectionOperator.connect(DefaultHttpClientConnectionOperator.java:134)</div><div>org.apache.http.impl.conn.PoolingHttpClientConnectionManager.connect(PoolingHttpClientConnectionManager.java:353)</div><div>org.apache.http.impl.execchain.MainClientExec.establishRoute(MainClientExec.java:380)</div><div>org.apache.http.impl.execchain.MainClientExec.execute(MainClientExec.java:236)</div><div>org.apache.http.impl.execchain.ProtocolExec.execute(ProtocolExec.java:184)</div><div>org.apache.http.impl.execchain.RetryExec.execute(RetryExec.java:88)</div><div>org.apache.http.impl.execchain.RedirectExec.execute(RedirectExec.java:110)</div><div>org.apache.http.impl.client.InternalHttpClient.doExecute(InternalHttpClient.java:184)</div><div>org.apache.http.impl.client.CloseableHttpClient.execute(CloseableHttpClient.java:71)</div><div>org.apache.http.impl.client.CloseableHttpClient.execute(CloseableHttpClient.java:55)</div><div>org.openqa.selenium.remote.internal.ApacheHttpClient.fallBackExecute(ApacheHttpClient.java:161)</div><div>org.openqa.selenium.remote.internal.ApacheHttpClient.execute(ApacheHttpClient.java:89)</div><div>org.openqa.selenium.remote.HttpCommandExecutor.execute(HttpCommandExecutor.java:134)</div><div>org.openqa.selenium.firefox.internal.NewProfileExtensionConnection.execute(NewProfileExtensionConnection.java:168)</div><div>org.openqa.selenium.firefox.FirefoxDriver$LazyCommandExecutor.execute(FirefoxDriver.java:392)</div><div>org.openqa.selenium.remote.RemoteWebDriver.execute(RemoteWebDriver.java:578)</div><div>org.openqa.selenium.remote.RemoteWebDriver.get(RemoteWebDriver.java:306)</div><div>org.scalatest.selenium.WebBrowser$go$.to(WebBrowser.scala:2646)</div><div>scripts.defTestFirefox$$anonfun$2.apply$mcV$sp(defTest.scala:31)</div><div>scripts.defTestFirefox$$anonfun$2.apply(defTest.scala:30)</div><div>scripts.defTestFirefox$$anonfun$2.apply(defTest.scala:30)</div><div>org.scalatest.FreeSpecRegistration$class.transformToOutcomeParam$1(FreeSpecRegistration.scala:143)</div><div>org.scalatest.FreeSpecRegistration$$anonfun$org$scalatest$FreeSpecRegistration$$registerTestToRun$2.apply(FreeSpecRegistration.scala:144)</div><div>org.scalatest.TestRegistration$$anonfun$transformToOutcome$1$$anonfun$apply$1.apply$mcV$sp(TestRegistration.scala:39)</div><div>org.scalatest.OutcomeOf$class.outcomeOf(OutcomeOf.scala:85)</div><div>org.scalatest.OutcomeOf$.outcomeOf(OutcomeOf.scala:104)</div><div>org.scalatest.TestRegistration$$anonfun$transformToOutcome$1.apply(TestRegistration.scala:39)</div><div>org.scalatest.TestRegistration$$anonfun$transformToOutcome$1.apply(TestRegistration.scala:37)</div><div>org.scalatest.FreeSpecRegistration$$anon$1.apply(FreeSpecRegistration.scala:430)</div><div>org.scalatest.Suite$class.withFixture(Suite.scala:1023)</div><div>org.scalatest.FreeSpec.withFixture(FreeSpec.scala:1740)</div><div>org.scalatest.FreeSpecRegistration$class.invokeWithFixture$1(FreeSpecRegistration.scala:427)</div><div>org.scalatest.FreeSpecRegistration$$anonfun$runTest$1.apply(FreeSpecRegistration.scala:440)</div><div>org.scalatest.FreeSpecRegistration$$anonfun$runTest$1.apply(FreeSpecRegistration.scala:440)</div><div>org.scalatest.SuperEngine.runTestImpl(Engine.scala:289)</div><div>org.scalatest.FreeSpecRegistration$class.runTest(FreeSpecRegistration.scala:440)</div><div>org.scalatest.FreeSpec.runTest(FreeSpec.scala:1740)</div><div>org.scalatest.FreeSpecRegistration$$anonfun$runTests$1.apply(FreeSpecRegistration.scala:499)</div><div>org.scalatest.FreeSpecRegistration$$anonfun$runTests$1.apply(FreeSpecRegistration.scala:499)</div><div>org.scalatest.SuperEngine$$anonfun$traverseSubNodes$1$1.apply(Engine.scala:432)</div><div>org.scalatest.SuperEngine$$anonfun$traverseSubNodes$1$1.apply(Engine.scala:420)</div><div>scala.collection.immutable.List.foreach(List.scala:381)</div><div>org.scalatest.SuperEngine.traverseSubNodes$1(Engine.scala:420)</div><div>org.scalatest.SuperEngine.org$scalatest$SuperEngine$$runTestsInBranch(Engine.scala:415)</div><div>org.scalatest.SuperEngine.runTestsImpl(Engine.scala:497)</div><div>org.scalatest.FreeSpecRegistration$class.runTests(FreeSpecRegistration.scala:499)</div><div>org.scalatest.FreeSpec.runTests(FreeSpec.scala:1740)</div><div>org.scalatest.Suite$class.run(Suite.scala:1312)</div><div>org.scalatest.FreeSpec.org$scalatest$FreeSpecRegistration$$super$run(FreeSpec.scala:1740)</div><div>org.scalatest.FreeSpecRegistration$$anonfun$run$1.apply(FreeSpecRegistration.scala:544)</div><div>org.scalatest.FreeSpecRegistration$$anonfun$run$1.apply(FreeSpecRegistration.scala:544)</div><div>org.scalatest.SuperEngine.runImpl(Engine.scala:556)</div><div>org.scalatest.FreeSpecRegistration$class.run(FreeSpecRegistration.scala:544)</div><div>org.scalatest.FreeSpec.run(FreeSpec.scala:1740)</div><div>org.scalatest.tools.Framework.org$scalatest$tools$Framework$$runSuite(Framework.scala:459)</div><div>org.scalatest.tools.Framework$ScalaTestTask.execute(Framework.scala:677)</div><div>sbt.TestRunner.runTest$1(TestFramework.scala:76)</div><div>sbt.TestRunner.run(TestFramework.scala:85)</div><div>sbt.TestFramework$$anon$2$$anonfun$$init$$1$$anonfun$apply$8.apply(TestFramework.scala:202)</div><div>sbt.TestFramework$$anon$2$$anonfun$$init$$1$$anonfun$apply$8.apply(TestFramework.scala:202)</div><div>sbt.TestFramework$.sbt$TestFramework$$withContextLoader(TestFramework.scala:185)</div><div>sbt.TestFramework$$anon$2$$anonfun$$init$$1.apply(TestFramework.scala:202)</div><div>sbt.TestFramework$$anon$2$$anonfun$$init$$1.apply(TestFramework.scala:202)</div><div>sbt.TestFunction.apply(TestFramework.scala:207)</div><div>sbt.Tests$$anonfun$9.apply(Tests.scala:216)</div><div>sbt.Tests$$anonfun$9.apply(Tests.scala:216)</div><div>sbt.std.Transform$$anon$3$$anonfun$apply$2.apply(System.scala:44)</div><div>sbt.std.Transform$$anon$3$$anonfun$apply$2.apply(System.scala:44)</div><div>sbt.std.Transform$$anon$4.work(System.scala:63)</div><div>sbt.Execute$$anonfun$submit$1$$anonfun$apply$1.apply(Execute.scala:226)</div><div>sbt.Execute$$anonfun$submit$1$$anonfun$apply$1.apply(Execute.scala:226)</div><div>sbt.ErrorHandling$.wideConvert(ErrorHandling.scala:17)</div><div>sbt.Execute.work(Execute.scala:235)</div><div>sbt.Execute$$anonfun$submit$1.apply(Execute.scala:226)</div><div>sbt.Execute$$anonfun$submit$1.apply(Execute.scala:226)</div><div>sbt.ConcurrentRestrictions$$anon$4$$anonfun$1.apply(ConcurrentRestrictions.scala:159)</div><div>sbt.CompletionService$$anon$2.call(CompletionService.scala:28)</div><div>java.util.concurrent.FutureTask.run(FutureTask.java:266)</div><div>java.util.concurrent.Executors$RunnableAdapter.call(Executors.java:511)</div><div>java.util.concurrent.FutureTask.run(FutureTask.java:266)</div><div>java.util.concurrent.ThreadPoolExecutor.runWorker(ThreadPoolExecutor.java:1142)</div><div>java.util.concurrent.ThreadPoolExecutor$Worker.run(ThreadPoolExecutor.java:617)</div><div>java.lang.Thread.run(Thread.java:745)</div></td>
          </tr>
        </table>
      </div>
    </div><div id="5d1aa61a-4780-4d57-a110-834faf0cf9bd" class="test_failed" style="margin-left: 0px;">
      <dl>
        <dt>Gracious shutdown *** FAILED ***</dt>
      </dl>
      <div class="detailstoggle">
      <a id="3a4eb12c-d026-4353-9f47-e2d6376a0b4f" href="javascript:toggleDetails('b796fedf-26ee-4432-b4e5-dc833c51d22f', '3a4eb12c-d026-4353-9f47-e2d6376a0b4f');">(Show Details)</a>
      </div>
      <div id="b796fedf-26ee-4432-b4e5-dc833c51d22f" style="display: none">
        <table>
          <tr valign="top">
              <td align="left"><span class="label">Message:</span></td>
              <td align="left"><span>Error&nbsp;communicating&nbsp;with&nbsp;the&nbsp;remote&nbsp;browser.&nbsp;It&nbsp;may&nbsp;have&nbsp;died. <br /></span><span>Build&nbsp;info:&nbsp;version:&nbsp;'2.46.0',&nbsp;revision:&nbsp;'61506a4624b13675f24581e453592342b7485d71',&nbsp;time:&nbsp;'2015-06-04&nbsp;10:22:50' <br /></span><span>System&nbsp;info:&nbsp;host:&nbsp;'Intimatik.local',&nbsp;ip:&nbsp;'192.168.1.2',&nbsp;os.name:&nbsp;'Mac&nbsp;OS&nbsp;X',&nbsp;os.arch:&nbsp;'x86_64',&nbsp;os.version:&nbsp;'10.10.2',&nbsp;java.version:&nbsp;'1.8.0_31' <br /></span><span>Driver&nbsp;info:&nbsp;driver.version:&nbsp;RemoteWebDriver <br /></span></td>
            </tr>
          
          <tr valign="top"><td align="right"><span class="label">Exception:</span></td><td align="left">org.openqa.selenium.remote.UnreachableBrowserException</td></tr>
        </table>
        <table>
          <tr valign="top"><td align="left" colspan="2">
            
            <div>org.openqa.selenium.remote.RemoteWebDriver.execute(RemoteWebDriver.java:599)</div><div>org.openqa.selenium.remote.RemoteWebDriver.execute(RemoteWebDriver.java:628)</div><div>org.openqa.selenium.remote.RemoteWebDriver.quit(RemoteWebDriver.java:474)</div><div>org.scalatest.selenium.WebBrowser$class.quit(WebBrowser.scala:3903)</div><div>scripts.defTestFirefox.quit(defTest.scala:11)</div><div>scripts.defTestFirefox$$anonfun$3.apply$mcV$sp(defTest.scala:45)</div><div>scripts.defTestFirefox$$anonfun$3.apply(defTest.scala:45)</div><div>scripts.defTestFirefox$$anonfun$3.apply(defTest.scala:45)</div><div>org.scalatest.FreeSpecRegistration$class.transformToOutcomeParam$1(FreeSpecRegistration.scala:143)</div><div>org.scalatest.FreeSpecRegistration$$anonfun$org$scalatest$FreeSpecRegistration$$registerTestToRun$2.apply(FreeSpecRegistration.scala:144)</div><div>org.scalatest.TestRegistration$$anonfun$transformToOutcome$1$$anonfun$apply$1.apply$mcV$sp(TestRegistration.scala:39)</div><div>org.scalatest.OutcomeOf$class.outcomeOf(OutcomeOf.scala:85)</div><div>org.scalatest.OutcomeOf$.outcomeOf(OutcomeOf.scala:104)</div><div>org.scalatest.TestRegistration$$anonfun$transformToOutcome$1.apply(TestRegistration.scala:39)</div><div>org.scalatest.TestRegistration$$anonfun$transformToOutcome$1.apply(TestRegistration.scala:37)</div><div>org.scalatest.FreeSpecRegistration$$anon$1.apply(FreeSpecRegistration.scala:430)</div><div>org.scalatest.Suite$class.withFixture(Suite.scala:1023)</div><div>org.scalatest.FreeSpec.withFixture(FreeSpec.scala:1740)</div><div>org.scalatest.FreeSpecRegistration$class.invokeWithFixture$1(FreeSpecRegistration.scala:427)</div><div>org.scalatest.FreeSpecRegistration$$anonfun$runTest$1.apply(FreeSpecRegistration.scala:440)</div><div>org.scalatest.FreeSpecRegistration$$anonfun$runTest$1.apply(FreeSpecRegistration.scala:440)</div><div>org.scalatest.SuperEngine.runTestImpl(Engine.scala:289)</div><div>org.scalatest.FreeSpecRegistration$class.runTest(FreeSpecRegistration.scala:440)</div><div>org.scalatest.FreeSpec.runTest(FreeSpec.scala:1740)</div><div>org.scalatest.FreeSpecRegistration$$anonfun$runTests$1.apply(FreeSpecRegistration.scala:499)</div><div>org.scalatest.FreeSpecRegistration$$anonfun$runTests$1.apply(FreeSpecRegistration.scala:499)</div><div>org.scalatest.SuperEngine$$anonfun$traverseSubNodes$1$1.apply(Engine.scala:432)</div><div>org.scalatest.SuperEngine$$anonfun$traverseSubNodes$1$1.apply(Engine.scala:420)</div><div>scala.collection.immutable.List.foreach(List.scala:381)</div><div>org.scalatest.SuperEngine.traverseSubNodes$1(Engine.scala:420)</div><div>org.scalatest.SuperEngine.org$scalatest$SuperEngine$$runTestsInBranch(Engine.scala:415)</div><div>org.scalatest.SuperEngine.runTestsImpl(Engine.scala:497)</div><div>org.scalatest.FreeSpecRegistration$class.runTests(FreeSpecRegistration.scala:499)</div><div>org.scalatest.FreeSpec.runTests(FreeSpec.scala:1740)</div><div>org.scalatest.Suite$class.run(Suite.scala:1312)</div><div>org.scalatest.FreeSpec.org$scalatest$FreeSpecRegistration$$super$run(FreeSpec.scala:1740)</div><div>org.scalatest.FreeSpecRegistration$$anonfun$run$1.apply(FreeSpecRegistration.scala:544)</div><div>org.scalatest.FreeSpecRegistration$$anonfun$run$1.apply(FreeSpecRegistration.scala:544)</div><div>org.scalatest.SuperEngine.runImpl(Engine.scala:556)</div><div>org.scalatest.FreeSpecRegistration$class.run(FreeSpecRegistration.scala:544)</div><div>org.scalatest.FreeSpec.run(FreeSpec.scala:1740)</div><div>org.scalatest.tools.Framework.org$scalatest$tools$Framework$$runSuite(Framework.scala:459)</div><div>org.scalatest.tools.Framework$ScalaTestTask.execute(Framework.scala:677)</div><div>sbt.TestRunner.runTest$1(TestFramework.scala:76)</div><div>sbt.TestRunner.run(TestFramework.scala:85)</div><div>sbt.TestFramework$$anon$2$$anonfun$$init$$1$$anonfun$apply$8.apply(TestFramework.scala:202)</div><div>sbt.TestFramework$$anon$2$$anonfun$$init$$1$$anonfun$apply$8.apply(TestFramework.scala:202)</div><div>sbt.TestFramework$.sbt$TestFramework$$withContextLoader(TestFramework.scala:185)</div><div>sbt.TestFramework$$anon$2$$anonfun$$init$$1.apply(TestFramework.scala:202)</div><div>sbt.TestFramework$$anon$2$$anonfun$$init$$1.apply(TestFramework.scala:202)</div><div>sbt.TestFunction.apply(TestFramework.scala:207)</div><div>sbt.Tests$$anonfun$9.apply(Tests.scala:216)</div><div>sbt.Tests$$anonfun$9.apply(Tests.scala:216)</div><div>sbt.std.Transform$$anon$3$$anonfun$apply$2.apply(System.scala:44)</div><div>sbt.std.Transform$$anon$3$$anonfun$apply$2.apply(System.scala:44)</div><div>sbt.std.Transform$$anon$4.work(System.scala:63)</div><div>sbt.Execute$$anonfun$submit$1$$anonfun$apply$1.apply(Execute.scala:226)</div><div>sbt.Execute$$anonfun$submit$1$$anonfun$apply$1.apply(Execute.scala:226)</div><div>sbt.ErrorHandling$.wideConvert(ErrorHandling.scala:17)</div><div>sbt.Execute.work(Execute.scala:235)</div><div>sbt.Execute$$anonfun$submit$1.apply(Execute.scala:226)</div><div>sbt.Execute$$anonfun$submit$1.apply(Execute.scala:226)</div><div>sbt.ConcurrentRestrictions$$anon$4$$anonfun$1.apply(ConcurrentRestrictions.scala:159)</div><div>sbt.CompletionService$$anon$2.call(CompletionService.scala:28)</div><div>java.util.concurrent.FutureTask.run(FutureTask.java:266)</div><div>java.util.concurrent.Executors$RunnableAdapter.call(Executors.java:511)</div><div>java.util.concurrent.FutureTask.run(FutureTask.java:266)</div><div>java.util.concurrent.ThreadPoolExecutor.runWorker(ThreadPoolExecutor.java:1142)</div><div>java.util.concurrent.ThreadPoolExecutor$Worker.run(ThreadPoolExecutor.java:617)</div><div>java.lang.Thread.run(Thread.java:745)</div>
            </td>
          </tr>
        </table>
        <table>
          <tr valign="top">
            <td align="right"><span class="label">Cause:</span></td>
            <td align="left">org.apache.http.conn.HttpHostConnectException</td>
          </tr>
          <tr valign="top">
            <td align="right"><span class="label">Message:</span></td>
            <td align="left">
              <span>Error communicating with the remote browser. It may have died.
Build info: version: '2.46.0', revision: '61506a4624b13675f24581e453592342b7485d71', time: '2015-06-04 10:22:50'
System info: host: 'Intimatik.local', ip: '192.168.1.2', os.name: 'Mac OS X', os.arch: 'x86_64', os.version: '10.10.2', java.version: '1.8.0_31'
Driver info: driver.version: RemoteWebDriver</span>
            </td>
          </tr>
        </table><table>
          <tr valign="top">
            <td align="left" colspan="2"><div>org.apache.http.impl.conn.DefaultHttpClientConnectionOperator.connect(DefaultHttpClientConnectionOperator.java:151)</div><div>org.apache.http.impl.conn.PoolingHttpClientConnectionManager.connect(PoolingHttpClientConnectionManager.java:353)</div><div>org.apache.http.impl.execchain.MainClientExec.establishRoute(MainClientExec.java:380)</div><div>org.apache.http.impl.execchain.MainClientExec.execute(MainClientExec.java:236)</div><div>org.apache.http.impl.execchain.ProtocolExec.execute(ProtocolExec.java:184)</div><div>org.apache.http.impl.execchain.RetryExec.execute(RetryExec.java:88)</div><div>org.apache.http.impl.execchain.RedirectExec.execute(RedirectExec.java:110)</div><div>org.apache.http.impl.client.InternalHttpClient.doExecute(InternalHttpClient.java:184)</div><div>org.apache.http.impl.client.CloseableHttpClient.execute(CloseableHttpClient.java:71)</div><div>org.apache.http.impl.client.CloseableHttpClient.execute(CloseableHttpClient.java:55)</div><div>org.openqa.selenium.remote.internal.ApacheHttpClient.fallBackExecute(ApacheHttpClient.java:143)</div><div>org.openqa.selenium.remote.internal.ApacheHttpClient.execute(ApacheHttpClient.java:89)</div><div>org.openqa.selenium.remote.HttpCommandExecutor.execute(HttpCommandExecutor.java:134)</div><div>org.openqa.selenium.firefox.internal.NewProfileExtensionConnection.execute(NewProfileExtensionConnection.java:168)</div><div>org.openqa.selenium.firefox.FirefoxDriver$LazyCommandExecutor.execute(FirefoxDriver.java:392)</div><div>org.openqa.selenium.remote.RemoteWebDriver.execute(RemoteWebDriver.java:578)</div><div>org.openqa.selenium.remote.RemoteWebDriver.execute(RemoteWebDriver.java:628)</div><div>org.openqa.selenium.remote.RemoteWebDriver.quit(RemoteWebDriver.java:474)</div><div>org.scalatest.selenium.WebBrowser$class.quit(WebBrowser.scala:3903)</div><div>scripts.defTestFirefox.quit(defTest.scala:11)</div><div>scripts.defTestFirefox$$anonfun$3.apply$mcV$sp(defTest.scala:45)</div><div>scripts.defTestFirefox$$anonfun$3.apply(defTest.scala:45)</div><div>scripts.defTestFirefox$$anonfun$3.apply(defTest.scala:45)</div><div>org.scalatest.FreeSpecRegistration$class.transformToOutcomeParam$1(FreeSpecRegistration.scala:143)</div><div>org.scalatest.FreeSpecRegistration$$anonfun$org$scalatest$FreeSpecRegistration$$registerTestToRun$2.apply(FreeSpecRegistration.scala:144)</div><div>org.scalatest.TestRegistration$$anonfun$transformToOutcome$1$$anonfun$apply$1.apply$mcV$sp(TestRegistration.scala:39)</div><div>org.scalatest.OutcomeOf$class.outcomeOf(OutcomeOf.scala:85)</div><div>org.scalatest.OutcomeOf$.outcomeOf(OutcomeOf.scala:104)</div><div>org.scalatest.TestRegistration$$anonfun$transformToOutcome$1.apply(TestRegistration.scala:39)</div><div>org.scalatest.TestRegistration$$anonfun$transformToOutcome$1.apply(TestRegistration.scala:37)</div><div>org.scalatest.FreeSpecRegistration$$anon$1.apply(FreeSpecRegistration.scala:430)</div><div>org.scalatest.Suite$class.withFixture(Suite.scala:1023)</div><div>org.scalatest.FreeSpec.withFixture(FreeSpec.scala:1740)</div><div>org.scalatest.FreeSpecRegistration$class.invokeWithFixture$1(FreeSpecRegistration.scala:427)</div><div>org.scalatest.FreeSpecRegistration$$anonfun$runTest$1.apply(FreeSpecRegistration.scala:440)</div><div>org.scalatest.FreeSpecRegistration$$anonfun$runTest$1.apply(FreeSpecRegistration.scala:440)</div><div>org.scalatest.SuperEngine.runTestImpl(Engine.scala:289)</div><div>org.scalatest.FreeSpecRegistration$class.runTest(FreeSpecRegistration.scala:440)</div><div>org.scalatest.FreeSpec.runTest(FreeSpec.scala:1740)</div><div>org.scalatest.FreeSpecRegistration$$anonfun$runTests$1.apply(FreeSpecRegistration.scala:499)</div><div>org.scalatest.FreeSpecRegistration$$anonfun$runTests$1.apply(FreeSpecRegistration.scala:499)</div><div>org.scalatest.SuperEngine$$anonfun$traverseSubNodes$1$1.apply(Engine.scala:432)</div><div>org.scalatest.SuperEngine$$anonfun$traverseSubNodes$1$1.apply(Engine.scala:420)</div><div>scala.collection.immutable.List.foreach(List.scala:381)</div><div>org.scalatest.SuperEngine.traverseSubNodes$1(Engine.scala:420)</div><div>org.scalatest.SuperEngine.org$scalatest$SuperEngine$$runTestsInBranch(Engine.scala:415)</div><div>org.scalatest.SuperEngine.runTestsImpl(Engine.scala:497)</div><div>org.scalatest.FreeSpecRegistration$class.runTests(FreeSpecRegistration.scala:499)</div><div>org.scalatest.FreeSpec.runTests(FreeSpec.scala:1740)</div><div>org.scalatest.Suite$class.run(Suite.scala:1312)</div><div>org.scalatest.FreeSpec.org$scalatest$FreeSpecRegistration$$super$run(FreeSpec.scala:1740)</div><div>org.scalatest.FreeSpecRegistration$$anonfun$run$1.apply(FreeSpecRegistration.scala:544)</div><div>org.scalatest.FreeSpecRegistration$$anonfun$run$1.apply(FreeSpecRegistration.scala:544)</div><div>org.scalatest.SuperEngine.runImpl(Engine.scala:556)</div><div>org.scalatest.FreeSpecRegistration$class.run(FreeSpecRegistration.scala:544)</div><div>org.scalatest.FreeSpec.run(FreeSpec.scala:1740)</div><div>org.scalatest.tools.Framework.org$scalatest$tools$Framework$$runSuite(Framework.scala:459)</div><div>org.scalatest.tools.Framework$ScalaTestTask.execute(Framework.scala:677)</div><div>sbt.TestRunner.runTest$1(TestFramework.scala:76)</div><div>sbt.TestRunner.run(TestFramework.scala:85)</div><div>sbt.TestFramework$$anon$2$$anonfun$$init$$1$$anonfun$apply$8.apply(TestFramework.scala:202)</div><div>sbt.TestFramework$$anon$2$$anonfun$$init$$1$$anonfun$apply$8.apply(TestFramework.scala:202)</div><div>sbt.TestFramework$.sbt$TestFramework$$withContextLoader(TestFramework.scala:185)</div><div>sbt.TestFramework$$anon$2$$anonfun$$init$$1.apply(TestFramework.scala:202)</div><div>sbt.TestFramework$$anon$2$$anonfun$$init$$1.apply(TestFramework.scala:202)</div><div>sbt.TestFunction.apply(TestFramework.scala:207)</div><div>sbt.Tests$$anonfun$9.apply(Tests.scala:216)</div><div>sbt.Tests$$anonfun$9.apply(Tests.scala:216)</div><div>sbt.std.Transform$$anon$3$$anonfun$apply$2.apply(System.scala:44)</div><div>sbt.std.Transform$$anon$3$$anonfun$apply$2.apply(System.scala:44)</div><div>sbt.std.Transform$$anon$4.work(System.scala:63)</div><div>sbt.Execute$$anonfun$submit$1$$anonfun$apply$1.apply(Execute.scala:226)</div><div>sbt.Execute$$anonfun$submit$1$$anonfun$apply$1.apply(Execute.scala:226)</div><div>sbt.ErrorHandling$.wideConvert(ErrorHandling.scala:17)</div><div>sbt.Execute.work(Execute.scala:235)</div><div>sbt.Execute$$anonfun$submit$1.apply(Execute.scala:226)</div><div>sbt.Execute$$anonfun$submit$1.apply(Execute.scala:226)</div><div>sbt.ConcurrentRestrictions$$anon$4$$anonfun$1.apply(ConcurrentRestrictions.scala:159)</div><div>sbt.CompletionService$$anon$2.call(CompletionService.scala:28)</div><div>java.util.concurrent.FutureTask.run(FutureTask.java:266)</div><div>java.util.concurrent.Executors$RunnableAdapter.call(Executors.java:511)</div><div>java.util.concurrent.FutureTask.run(FutureTask.java:266)</div><div>java.util.concurrent.ThreadPoolExecutor.runWorker(ThreadPoolExecutor.java:1142)</div><div>java.util.concurrent.ThreadPoolExecutor$Worker.run(ThreadPoolExecutor.java:617)</div><div>java.lang.Thread.run(Thread.java:745)</div></td>
          </tr>
        </table><table>
          <tr valign="top">
            <td align="right"><span class="label">Cause:</span></td>
            <td align="left">java.net.ConnectException</td>
          </tr>
          <tr valign="top">
            <td align="right"><span class="label">Message:</span></td>
            <td align="left">
              <span>Error communicating with the remote browser. It may have died.
Build info: version: '2.46.0', revision: '61506a4624b13675f24581e453592342b7485d71', time: '2015-06-04 10:22:50'
System info: host: 'Intimatik.local', ip: '192.168.1.2', os.name: 'Mac OS X', os.arch: 'x86_64', os.version: '10.10.2', java.version: '1.8.0_31'
Driver info: driver.version: RemoteWebDriver</span>
            </td>
          </tr>
        </table><table>
          <tr valign="top">
            <td align="left" colspan="2"><div>java.net.PlainSocketImpl.socketConnect(Native Method)</div><div>java.net.AbstractPlainSocketImpl.doConnect(AbstractPlainSocketImpl.java:345)</div><div>java.net.AbstractPlainSocketImpl.connectToAddress(AbstractPlainSocketImpl.java:206)</div><div>java.net.AbstractPlainSocketImpl.connect(AbstractPlainSocketImpl.java:188)</div><div>java.net.SocksSocketImpl.connect(SocksSocketImpl.java:392)</div><div>java.net.Socket.connect(Socket.java:589)</div><div>org.apache.http.conn.socket.PlainConnectionSocketFactory.connectSocket(PlainConnectionSocketFactory.java:74)</div><div>org.apache.http.impl.conn.DefaultHttpClientConnectionOperator.connect(DefaultHttpClientConnectionOperator.java:134)</div><div>org.apache.http.impl.conn.PoolingHttpClientConnectionManager.connect(PoolingHttpClientConnectionManager.java:353)</div><div>org.apache.http.impl.execchain.MainClientExec.establishRoute(MainClientExec.java:380)</div><div>org.apache.http.impl.execchain.MainClientExec.execute(MainClientExec.java:236)</div><div>org.apache.http.impl.execchain.ProtocolExec.execute(ProtocolExec.java:184)</div><div>org.apache.http.impl.execchain.RetryExec.execute(RetryExec.java:88)</div><div>org.apache.http.impl.execchain.RedirectExec.execute(RedirectExec.java:110)</div><div>org.apache.http.impl.client.InternalHttpClient.doExecute(InternalHttpClient.java:184)</div><div>org.apache.http.impl.client.CloseableHttpClient.execute(CloseableHttpClient.java:71)</div><div>org.apache.http.impl.client.CloseableHttpClient.execute(CloseableHttpClient.java:55)</div><div>org.openqa.selenium.remote.internal.ApacheHttpClient.fallBackExecute(ApacheHttpClient.java:143)</div><div>org.openqa.selenium.remote.internal.ApacheHttpClient.execute(ApacheHttpClient.java:89)</div><div>org.openqa.selenium.remote.HttpCommandExecutor.execute(HttpCommandExecutor.java:134)</div><div>org.openqa.selenium.firefox.internal.NewProfileExtensionConnection.execute(NewProfileExtensionConnection.java:168)</div><div>org.openqa.selenium.firefox.FirefoxDriver$LazyCommandExecutor.execute(FirefoxDriver.java:392)</div><div>org.openqa.selenium.remote.RemoteWebDriver.execute(RemoteWebDriver.java:578)</div><div>org.openqa.selenium.remote.RemoteWebDriver.execute(RemoteWebDriver.java:628)</div><div>org.openqa.selenium.remote.RemoteWebDriver.quit(RemoteWebDriver.java:474)</div><div>org.scalatest.selenium.WebBrowser$class.quit(WebBrowser.scala:3903)</div><div>scripts.defTestFirefox.quit(defTest.scala:11)</div><div>scripts.defTestFirefox$$anonfun$3.apply$mcV$sp(defTest.scala:45)</div><div>scripts.defTestFirefox$$anonfun$3.apply(defTest.scala:45)</div><div>scripts.defTestFirefox$$anonfun$3.apply(defTest.scala:45)</div><div>org.scalatest.FreeSpecRegistration$class.transformToOutcomeParam$1(FreeSpecRegistration.scala:143)</div><div>org.scalatest.FreeSpecRegistration$$anonfun$org$scalatest$FreeSpecRegistration$$registerTestToRun$2.apply(FreeSpecRegistration.scala:144)</div><div>org.scalatest.TestRegistration$$anonfun$transformToOutcome$1$$anonfun$apply$1.apply$mcV$sp(TestRegistration.scala:39)</div><div>org.scalatest.OutcomeOf$class.outcomeOf(OutcomeOf.scala:85)</div><div>org.scalatest.OutcomeOf$.outcomeOf(OutcomeOf.scala:104)</div><div>org.scalatest.TestRegistration$$anonfun$transformToOutcome$1.apply(TestRegistration.scala:39)</div><div>org.scalatest.TestRegistration$$anonfun$transformToOutcome$1.apply(TestRegistration.scala:37)</div><div>org.scalatest.FreeSpecRegistration$$anon$1.apply(FreeSpecRegistration.scala:430)</div><div>org.scalatest.Suite$class.withFixture(Suite.scala:1023)</div><div>org.scalatest.FreeSpec.withFixture(FreeSpec.scala:1740)</div><div>org.scalatest.FreeSpecRegistration$class.invokeWithFixture$1(FreeSpecRegistration.scala:427)</div><div>org.scalatest.FreeSpecRegistration$$anonfun$runTest$1.apply(FreeSpecRegistration.scala:440)</div><div>org.scalatest.FreeSpecRegistration$$anonfun$runTest$1.apply(FreeSpecRegistration.scala:440)</div><div>org.scalatest.SuperEngine.runTestImpl(Engine.scala:289)</div><div>org.scalatest.FreeSpecRegistration$class.runTest(FreeSpecRegistration.scala:440)</div><div>org.scalatest.FreeSpec.runTest(FreeSpec.scala:1740)</div><div>org.scalatest.FreeSpecRegistration$$anonfun$runTests$1.apply(FreeSpecRegistration.scala:499)</div><div>org.scalatest.FreeSpecRegistration$$anonfun$runTests$1.apply(FreeSpecRegistration.scala:499)</div><div>org.scalatest.SuperEngine$$anonfun$traverseSubNodes$1$1.apply(Engine.scala:432)</div><div>org.scalatest.SuperEngine$$anonfun$traverseSubNodes$1$1.apply(Engine.scala:420)</div><div>scala.collection.immutable.List.foreach(List.scala:381)</div><div>org.scalatest.SuperEngine.traverseSubNodes$1(Engine.scala:420)</div><div>org.scalatest.SuperEngine.org$scalatest$SuperEngine$$runTestsInBranch(Engine.scala:415)</div><div>org.scalatest.SuperEngine.runTestsImpl(Engine.scala:497)</div><div>org.scalatest.FreeSpecRegistration$class.runTests(FreeSpecRegistration.scala:499)</div><div>org.scalatest.FreeSpec.runTests(FreeSpec.scala:1740)</div><div>org.scalatest.Suite$class.run(Suite.scala:1312)</div><div>org.scalatest.FreeSpec.org$scalatest$FreeSpecRegistration$$super$run(FreeSpec.scala:1740)</div><div>org.scalatest.FreeSpecRegistration$$anonfun$run$1.apply(FreeSpecRegistration.scala:544)</div><div>org.scalatest.FreeSpecRegistration$$anonfun$run$1.apply(FreeSpecRegistration.scala:544)</div><div>org.scalatest.SuperEngine.runImpl(Engine.scala:556)</div><div>org.scalatest.FreeSpecRegistration$class.run(FreeSpecRegistration.scala:544)</div><div>org.scalatest.FreeSpec.run(FreeSpec.scala:1740)</div><div>org.scalatest.tools.Framework.org$scalatest$tools$Framework$$runSuite(Framework.scala:459)</div><div>org.scalatest.tools.Framework$ScalaTestTask.execute(Framework.scala:677)</div><div>sbt.TestRunner.runTest$1(TestFramework.scala:76)</div><div>sbt.TestRunner.run(TestFramework.scala:85)</div><div>sbt.TestFramework$$anon$2$$anonfun$$init$$1$$anonfun$apply$8.apply(TestFramework.scala:202)</div><div>sbt.TestFramework$$anon$2$$anonfun$$init$$1$$anonfun$apply$8.apply(TestFramework.scala:202)</div><div>sbt.TestFramework$.sbt$TestFramework$$withContextLoader(TestFramework.scala:185)</div><div>sbt.TestFramework$$anon$2$$anonfun$$init$$1.apply(TestFramework.scala:202)</div><div>sbt.TestFramework$$anon$2$$anonfun$$init$$1.apply(TestFramework.scala:202)</div><div>sbt.TestFunction.apply(TestFramework.scala:207)</div><div>sbt.Tests$$anonfun$9.apply(Tests.scala:216)</div><div>sbt.Tests$$anonfun$9.apply(Tests.scala:216)</div><div>sbt.std.Transform$$anon$3$$anonfun$apply$2.apply(System.scala:44)</div><div>sbt.std.Transform$$anon$3$$anonfun$apply$2.apply(System.scala:44)</div><div>sbt.std.Transform$$anon$4.work(System.scala:63)</div><div>sbt.Execute$$anonfun$submit$1$$anonfun$apply$1.apply(Execute.scala:226)</div><div>sbt.Execute$$anonfun$submit$1$$anonfun$apply$1.apply(Execute.scala:226)</div><div>sbt.ErrorHandling$.wideConvert(ErrorHandling.scala:17)</div><div>sbt.Execute.work(Execute.scala:235)</div><div>sbt.Execute$$anonfun$submit$1.apply(Execute.scala:226)</div><div>sbt.Execute$$anonfun$submit$1.apply(Execute.scala:226)</div><div>sbt.ConcurrentRestrictions$$anon$4$$anonfun$1.apply(ConcurrentRestrictions.scala:159)</div><div>sbt.CompletionService$$anon$2.call(CompletionService.scala:28)</div><div>java.util.concurrent.FutureTask.run(FutureTask.java:266)</div><div>java.util.concurrent.Executors$RunnableAdapter.call(Executors.java:511)</div><div>java.util.concurrent.FutureTask.run(FutureTask.java:266)</div><div>java.util.concurrent.ThreadPoolExecutor.runWorker(ThreadPoolExecutor.java:1142)</div><div>java.util.concurrent.ThreadPoolExecutor$Worker.run(ThreadPoolExecutor.java:617)</div><div>java.lang.Thread.run(Thread.java:745)</div></td>
          </tr>
        </table>
      </div>
    </div>
        <table id="suite_footer">
          <tr id="suite_footer_id">
            <td id="suite_footer_id_label_failed">Suite ID</td>
            <td id="suite_footer_id_value" colspan="5">scripts.defTestFirefox</td>
          </tr>
          <tr id="suite_footer_class">
            <td id="suite_footer_class_label_failed">Class name</td>
            <td id="suite_footer_class_value" colspan="5">scripts.defTestFirefox</td>
          </tr>
          <tr id="suite_footer_duration">
            <td id="suite_footer_duration_label_failed">Total duration</td>
            <td id="suite_footer_duration_value" colspan="2">
              34 seconds, 736 milliseconds
              </td>
          </tr>
        </table>
           <div id="printlink">(<a href="scripts.defTestFirefox.html" target="_blank">Open defTestFirefox in new tab</a>)</div>
      </body>
      <script type="text/javascript">
        hideOpenInNewTabIfRequired();
      </script>
    </html>
